[01m[K/home/akash/catkin_ws/src/beginner_tutorials/src/offb_node_user_input.cpp:[m[K In function â€˜[01m[Kdouble get_distance(geometry_msgs::PoseStamped, geometry_msgs::PoseStamped)[m[Kâ€™:
[01m[K/home/akash/catkin_ws/src/beginner_tutorials/src/offb_node_user_input.cpp:111:9:[m[K [01;31m[Kerror: [m[Kâ€˜[01m[Kglobal[m[Kâ€™ was not declared in this scope
  111 |         [01;31m[Kglobal[m[K pose1, pose2, pose3
      |         [01;31m[K^~~~~~[m[K
[01m[K/home/akash/catkin_ws/src/beginner_tutorials/src/offb_node_user_input.cpp:116:21:[m[K [01;31m[Kerror: [m[Kâ€˜[01m[Kx_diff[m[Kâ€™ was not declared in this scope; did you mean â€˜[01m[Kz_diff[m[Kâ€™?
  116 |         return sqrt([01;31m[Kx_diff[m[K*x_diff + y_diff*y_diff + z_diff*z_diff);
      |                     [01;31m[K^~~~~~[m[K
      |                     [32m[Kz_diff[m[K
make[2]: *** [CMakeFiles/offb_node_user_input.dir/build.make:76: CMakeFiles/offb_node_user_input.dir/src/offb_node_user_input.cpp.o] Error 1
make[1]: *** [CMakeFiles/Makefile2:1795: CMakeFiles/offb_node_user_input.dir/all] Error 2
make: *** [Makefile:146: all] Error 2
