[01m[K/home/akash/catkin_ws/src/Alberto_and_Joan/path_planning/code/path_planning_node.cpp:[m[K In member function â€˜[01m[Kvirtual ompl::base::Cost EnergyObjective::motionCost(const ompl::base::State*, const ompl::base::State*) const[m[Kâ€™:
[01m[K/home/akash/catkin_ws/src/Alberto_and_Joan/path_planning/code/path_planning_node.cpp:165:24:[m[K [01;31m[Kerror: [m[Kâ€˜[01m[Kconst class EnergyObjective[m[Kâ€™ has no member named â€˜[01m[Ksi[m[Kâ€™; did you mean â€˜[01m[Ksi_[m[Kâ€™?
  165 |    double cost = this->[01;31m[Ksi[m[K->distance(s1, s2) * factor;
      |                        [01;31m[K^~[m[K
      |                        [32m[Ksi_[m[K
[01m[K/home/akash/catkin_ws/src/Alberto_and_Joan/path_planning/code/path_planning_node.cpp:166:11:[m[K [01;31m[Kerror: [m[Kâ€˜[01m[KCost[m[Kâ€™ was not declared in this scope; did you mean â€˜[01m[Kompl::base::Cost[m[Kâ€™?
  166 |    return [01;31m[KCost[m[K(cost,0.0);
      |           [01;31m[K^~~~[m[K
      |           [32m[Kompl::base::Cost[m[K
In file included from [01m[K/usr/include/ompl/base/OptimizationObjective.h:40[m[K,
                 from [01m[K/home/akash/catkin_ws/src/Alberto_and_Joan/path_planning/code/path_planning_node.cpp:29[m[K:
[01m[K/usr/include/ompl/base/Cost.h:47:15:[m[K [01;36m[Knote: [m[Kâ€˜[01m[Kompl::base::Cost[m[Kâ€™ declared here
   47 |         class [01;36m[KCost[m[K
      |               [01;36m[K^~~~[m[K
[01m[K/home/akash/catkin_ws/src/Alberto_and_Joan/path_planning/code/path_planning_node.cpp:[m[K In function â€˜[01m[Kvoid plan()[m[Kâ€™:
[01m[K/home/akash/catkin_ws/src/Alberto_and_Joan/path_planning/code/path_planning_node.cpp:245:18:[m[K [01;31m[Kerror: [m[Kcannot declare variable â€˜[01m[Kobj[m[Kâ€™ to be of abstract type â€˜[01m[KEnergyObjective[m[Kâ€™
  245 |  EnergyObjective [01;31m[Kobj[m[K(si);
      |                  [01;31m[K^~~[m[K
[01m[K/home/akash/catkin_ws/src/Alberto_and_Joan/path_planning/code/path_planning_node.cpp:134:7:[m[K [01;36m[Knote: [m[K  because the following virtual functions are pure within â€˜[01m[KEnergyObjective[m[Kâ€™:
  134 | class [01;36m[KEnergyObjective[m[K : public ob::OptimizationObjective
      |       [01;36m[K^~~~~~~~~~~~~~~[m[K
In file included from [01m[K/home/akash/catkin_ws/src/Alberto_and_Joan/path_planning/code/path_planning_node.cpp:29[m[K:
[01m[K/usr/include/ompl/base/OptimizationObjective.h:113:26:[m[K [01;36m[Knote: [m[K	â€˜[01m[Kvirtual ompl::base::Cost ompl::base::OptimizationObjective::stateCost(const ompl::base::State*) const[m[Kâ€™
  113 |             virtual Cost [01;36m[KstateCost[m[K(const State *s) const = 0;
      |                          [01;36m[K^~~~~~~~~[m[K
[01m[K/home/akash/catkin_ws/src/Alberto_and_Joan/path_planning/code/path_planning_node.cpp:246:11:[m[K [01;31m[Kerror: [m[Kâ€˜[01m[Kusing element_type = class ompl::base::Planner[m[Kâ€™ {aka â€˜[01m[Kclass ompl::base::Planner[m[Kâ€™} has no member named â€˜[01m[KsetOptimizationObjective[m[Kâ€™
  246 |  planner->[01;31m[KsetOptimizationObjective[m[K(obj);
      |           [01;31m[K^~~~~~~~~~~~~~~~~~~~~~~~[m[K
[01m[K/home/akash/catkin_ws/src/Alberto_and_Joan/path_planning/code/path_planning_node.cpp:313:7:[m[K [01;31m[Kerror: [m[Kâ€˜[01m[Kground[m[Kâ€™ was not declared in this scope; did you mean â€˜[01m[Kround[m[Kâ€™?
  313 |   if ([01;31m[Kground[m[K)
      |       [01;31m[K^~~~~~[m[K
      |       [32m[Kround[m[K
[01m[K/home/akash/catkin_ws/src/Alberto_and_Joan/path_planning/code/path_planning_node.cpp:336:9:[m[K [01;31m[Kerror: [m[Kâ€˜[01m[Kground[m[Kâ€™ was not declared in this scope; did you mean â€˜[01m[Kround[m[Kâ€™?
  336 |    if (![01;31m[Kground[m[K && point[2] < min_aerial_height)
      |         [01;31m[K^~~~~~[m[K
      |         [32m[Kround[m[K
[01m[K/home/akash/catkin_ws/src/Alberto_and_Joan/path_planning/code/path_planning_node.cpp:[m[K In function â€˜[01m[Kint main(int, char**)[m[Kâ€™:
[01m[K/home/akash/catkin_ws/src/Alberto_and_Joan/path_planning/code/path_planning_node.cpp:446:15:[m[K [01;31m[Kerror: [m[Kâ€˜[01m[Kclass ros::NodeHandle[m[Kâ€™ has no member named â€˜[01m[Kadvertse[m[Kâ€™; did you mean â€˜[01m[Kadvertise[m[Kâ€™?
  446 |  vis_pub = nh.[01;31m[Kadvertse[m[K<visualization_msgs::Marker>(OUTPUT_TOPIC_VIS,5);
      |               [01;31m[K^~~~~~~~[m[K
      |               [32m[Kadvertise[m[K
[01m[K/home/akash/catkin_ws/src/Alberto_and_Joan/path_planning/code/path_planning_node.cpp:446:50:[m[K [01;31m[Kerror: [m[Kexpected primary-expression before â€˜[01m[K>[m[Kâ€™ token
  446 |  vis_pub = nh.advertse<visualization_msgs::Marker[01;31m[K>[m[K(OUTPUT_TOPIC_VIS,5);
      |                                                  [01;31m[K^[m[K
make[2]: *** [CMakeFiles/path_planning_node.dir/build.make:76: CMakeFiles/path_planning_node.dir/code/path_planning_node.cpp.o] Error 1
make[1]: *** [CMakeFiles/Makefile2:1618: CMakeFiles/path_planning_node.dir/all] Error 2
make: *** [Makefile:146: all] Error 2
