[01m[K/home/akash/catkin_ws/src/Alberto_and_Joan/path_planning/code/path_planning_node.cpp:[m[K In member function â€˜[01m[Kompl::base::Cost Template_class<BaseT>::motionCost(const ompl::base::State*, const ompl::base::State*) const[m[Kâ€™:
[01m[K/home/akash/catkin_ws/src/Alberto_and_Joan/path_planning/code/path_planning_node.cpp:152:14:[m[K [01;31m[Kerror: [m[Kâ€˜[01m[Kaerial_factor[m[Kâ€™ was not declared in this scope
  152 |     factor = [01;31m[Kaerial_factor[m[K;
      |              [01;31m[K^~~~~~~~~~~~~[m[K
[01m[K/home/akash/catkin_ws/src/Alberto_and_Joan/path_planning/code/path_planning_node.cpp:156:14:[m[K [01;31m[Kerror: [m[Kâ€˜[01m[Kground_factor[m[Kâ€™ was not declared in this scope
  156 |     factor = [01;31m[Kground_factor[m[K;
      |              [01;31m[K^~~~~~~~~~~~~[m[K
[01m[K/home/akash/catkin_ws/src/Alberto_and_Joan/path_planning/code/path_planning_node.cpp:159:18:[m[K [01;31m[Kerror: [m[Kâ€˜[01m[Ksi_[m[Kâ€™ was not declared in this scope; did you mean â€˜[01m[Ksin[m[Kâ€™?
  159 |    double cost = [01;31m[Ksi_[m[K->distance(s1, s2) * factor;
      |                  [01;31m[K^~~[m[K
      |                  [32m[Ksin[m[K
[01m[K/home/akash/catkin_ws/src/Alberto_and_Joan/path_planning/code/path_planning_node.cpp:[m[K In constructor â€˜[01m[KEnergyObjective::EnergyObjective(const SpaceInformationPtr&)[m[Kâ€™:
[01m[K/home/akash/catkin_ws/src/Alberto_and_Joan/path_planning/code/path_planning_node.cpp:169:66:[m[K [01;31m[Kerror: [m[Ktype â€˜[01m[Kompl::base::OptimizationObjective[m[Kâ€™ is not a direct base of â€˜[01m[KEnergyObjective[m[Kâ€™
  169 |         EnergyObjective(const ob::SpaceInformationPtr& si) : ob::[01;31m[KOptimizationObjective[m[K(si)
      |                                                                  [01;31m[K^~~~~~~~~~~~~~~~~~~~~[m[K
[01m[K/home/akash/catkin_ws/src/Alberto_and_Joan/path_planning/code/path_planning_node.cpp:169:90:[m[K [01;31m[Kerror: [m[Kuse of deleted function â€˜[01m[KTemplate_class<ompl::base::OptimizationObjective>::Template_class()[m[Kâ€™
  169 |         EnergyObjective(const ob::SpaceInformationPtr& si) : ob::OptimizationObjective(si[01;31m[K)[m[K
      |                                                                                          [01;31m[K^[m[K
[01m[K/home/akash/catkin_ws/src/Alberto_and_Joan/path_planning/code/path_planning_node.cpp:135:7:[m[K [01;36m[Knote: [m[Kâ€˜[01m[KTemplate_class<ompl::base::OptimizationObjective>::Template_class()[m[Kâ€™ is implicitly deleted because the default definition would be ill-formed:
  135 | class [01;36m[KTemplate_class[m[K : public BaseT
      |       [01;36m[K^~~~~~~~~~~~~~[m[K
[01m[K/home/akash/catkin_ws/src/Alberto_and_Joan/path_planning/code/path_planning_node.cpp:135:7:[m[K [01;31m[Kerror: [m[Kno matching function for call to â€˜[01m[Kompl::base::OptimizationObjective::OptimizationObjective()[m[Kâ€™
In file included from [01m[K/home/akash/catkin_ws/src/Alberto_and_Joan/path_planning/code/path_planning_node.cpp:29[m[K:
[01m[K/usr/include/ompl/base/OptimizationObjective.h:79:13:[m[K [01;36m[Knote: [m[Kcandidate: â€˜[01m[Kompl::base::OptimizationObjective::OptimizationObjective(ompl::base::SpaceInformationPtr)[m[Kâ€™
   79 |             [01;36m[KOptimizationObjective[m[K(SpaceInformationPtr si);
      |             [01;36m[K^~~~~~~~~~~~~~~~~~~~~[m[K
[01m[K/usr/include/ompl/base/OptimizationObjective.h:79:13:[m[K [01;36m[Knote: [m[K  candidate expects 1 argument, 0 provided
[01m[K/home/akash/catkin_ws/src/Alberto_and_Joan/path_planning/code/path_planning_node.cpp:[m[K In function â€˜[01m[Kvoid plan()[m[Kâ€™:
[01m[K/home/akash/catkin_ws/src/Alberto_and_Joan/path_planning/code/path_planning_node.cpp:251:18:[m[K [01;31m[Kerror: [m[Kcannot declare variable â€˜[01m[Kobj[m[Kâ€™ to be of abstract type â€˜[01m[KEnergyObjective[m[Kâ€™
  251 |  EnergyObjective [01;31m[Kobj[m[K(si);
      |                  [01;31m[K^~~[m[K
[01m[K/home/akash/catkin_ws/src/Alberto_and_Joan/path_planning/code/path_planning_node.cpp:166:7:[m[K [01;36m[Knote: [m[K  because the following virtual functions are pure within â€˜[01m[KEnergyObjective[m[Kâ€™:
  166 | class [01;36m[KEnergyObjective[m[K : public Template_class<ob::OptimizationObjective>
      |       [01;36m[K^~~~~~~~~~~~~~~[m[K
In file included from [01m[K/home/akash/catkin_ws/src/Alberto_and_Joan/path_planning/code/path_planning_node.cpp:29[m[K:
[01m[K/usr/include/ompl/base/OptimizationObjective.h:113:26:[m[K [01;36m[Knote: [m[K	â€˜[01m[Kvirtual ompl::base::Cost ompl::base::OptimizationObjective::stateCost(const ompl::base::State*) const[m[Kâ€™
  113 |             virtual Cost [01;36m[KstateCost[m[K(const State *s) const = 0;
      |                          [01;36m[K^~~~~~~~~[m[K
[01m[K/home/akash/catkin_ws/src/Alberto_and_Joan/path_planning/code/path_planning_node.cpp:252:11:[m[K [01;31m[Kerror: [m[Kâ€˜[01m[Kusing element_type = class ompl::base::Planner[m[Kâ€™ {aka â€˜[01m[Kclass ompl::base::Planner[m[Kâ€™} has no member named â€˜[01m[KsetOptimizationObjective[m[Kâ€™
  252 |  planner->[01;31m[KsetOptimizationObjective[m[K(obj);
      |           [01;31m[K^~~~~~~~~~~~~~~~~~~~~~~~[m[K
[01m[K/home/akash/catkin_ws/src/Alberto_and_Joan/path_planning/code/path_planning_node.cpp:319:7:[m[K [01;31m[Kerror: [m[Kâ€˜[01m[Kground[m[Kâ€™ was not declared in this scope; did you mean â€˜[01m[Kround[m[Kâ€™?
  319 |   if ([01;31m[Kground[m[K)
      |       [01;31m[K^~~~~~[m[K
      |       [32m[Kround[m[K
[01m[K/home/akash/catkin_ws/src/Alberto_and_Joan/path_planning/code/path_planning_node.cpp:342:9:[m[K [01;31m[Kerror: [m[Kâ€˜[01m[Kground[m[Kâ€™ was not declared in this scope; did you mean â€˜[01m[Kround[m[Kâ€™?
  342 |    if (![01;31m[Kground[m[K && point[2] < min_aerial_height)
      |         [01;31m[K^~~~~~[m[K
      |         [32m[Kround[m[K
[01m[K/home/akash/catkin_ws/src/Alberto_and_Joan/path_planning/code/path_planning_node.cpp:[m[K In function â€˜[01m[Kint main(int, char**)[m[Kâ€™:
[01m[K/home/akash/catkin_ws/src/Alberto_and_Joan/path_planning/code/path_planning_node.cpp:452:15:[m[K [01;31m[Kerror: [m[Kâ€˜[01m[Kclass ros::NodeHandle[m[Kâ€™ has no member named â€˜[01m[Kadvertse[m[Kâ€™; did you mean â€˜[01m[Kadvertise[m[Kâ€™?
  452 |  vis_pub = nh.[01;31m[Kadvertse[m[K<visualization_msgs::Marker>(OUTPUT_TOPIC_VIS,5);
      |               [01;31m[K^~~~~~~~[m[K
      |               [32m[Kadvertise[m[K
[01m[K/home/akash/catkin_ws/src/Alberto_and_Joan/path_planning/code/path_planning_node.cpp:452:50:[m[K [01;31m[Kerror: [m[Kexpected primary-expression before â€˜[01m[K>[m[Kâ€™ token
  452 |  vis_pub = nh.advertse<visualization_msgs::Marker[01;31m[K>[m[K(OUTPUT_TOPIC_VIS,5);
      |                                                  [01;31m[K^[m[K
make[2]: *** [CMakeFiles/path_planning_node.dir/build.make:76: CMakeFiles/path_planning_node.dir/code/path_planning_node.cpp.o] Error 1
make[1]: *** [CMakeFiles/Makefile2:1618: CMakeFiles/path_planning_node.dir/all] Error 2
make: *** [Makefile:146: all] Error 2
