[01m[K/home/akash/catkin_ws/src/Alberto_and_Joan/path_planning/code/path_planning_node.cpp:[m[K In member function â€˜[01m[Kvirtual ompl::base::Cost EnergyObjective::stateCost(const ompl::base::State*) const[m[Kâ€™:
[01m[K/home/akash/catkin_ws/src/Alberto_and_Joan/path_planning/code/path_planning_node.cpp:115:58:[m[K [01;35m[Kwarning: [m[Kno return statement in function returning non-void [[01;35m[K-Wreturn-type[m[K]
  115 |   ob::Cost stateCost(const ob::State *s) const override {[01;35m[K}[m[K
      |                                                          [01;35m[K^[m[K
[01m[K/home/akash/catkin_ws/src/Alberto_and_Joan/path_planning/code/path_planning_node.cpp:[m[K In function â€˜[01m[Kvoid plan()[m[Kâ€™:
[01m[K/home/akash/catkin_ws/src/Alberto_and_Joan/path_planning/code/path_planning_node.cpp:230:19:[m[K [01;31m[Kerror: [m[Kâ€˜[01m[Kpath_smooth[m[Kâ€™ was not declared in this scope
  230 |   double length = [01;31m[Kpath_smooth[m[K.length();
      |                   [01;31m[K^~~~~~~~~~~[m[K
[01m[K/home/akash/catkin_ws/src/Alberto_and_Joan/path_planning/code/path_planning_node.cpp:259:114:[m[K [01;31m[Kerror: [m[Kexpected primary-expression before â€˜[01m[K>[m[Kâ€™ token
  259 |    const ob::SE3StateSpace::StateType *se3state = path_smooth.getState(path_idx)->as<ob::SE3StateSpace::StateType[01;31m[K>[m[K();
      |                                                                                                                  [01;31m[K^[m[K
[01m[K/home/akash/catkin_ws/src/Alberto_and_Joan/path_planning/code/path_planning_node.cpp:259:116:[m[K [01;31m[Kerror: [m[Kexpected primary-expression before â€˜[01m[K)[m[Kâ€™ token
  259 |    const ob::SE3StateSpace::StateType *se3state = path_smooth.getState(path_idx)->as<ob::SE3StateSpace::StateType>([01;31m[K)[m[K;
      |                                                                                                                    [01;31m[K^[m[K
make[2]: *** [CMakeFiles/path_planning_node.dir/build.make:76: CMakeFiles/path_planning_node.dir/code/path_planning_node.cpp.o] Error 1
make[1]: *** [CMakeFiles/Makefile2:1618: CMakeFiles/path_planning_node.dir/all] Error 2
make: *** [Makefile:146: all] Error 2
