[01m[K/home/akash/catkin_ws/src/Alberto_and_Joan/path_planning/code/path_planning_node.cpp:[m[K In member function â€˜[01m[Kvirtual ompl::base::Cost MechanicalWorkObjective::stateCost(const ompl::base::State*) const[m[Kâ€™:
[01m[K/home/akash/catkin_ws/src/Alberto_and_Joan/path_planning/code/path_planning_node.cpp:173:39:[m[K [01;31m[Kerror: [m[Kdeclaration of â€˜[01m[Kconst ompl::base::SE3StateSpace::StateType* state[m[Kâ€™ shadows a parameter
  173 |   const ob::SE3StateSpace::StateType *[01;31m[Kstate[m[K = s->as<ob::SE3StateSpace::StateType>();
      |                                       [01;31m[K^~~~~[m[K
[01m[K/home/akash/catkin_ws/src/Alberto_and_Joan/path_planning/code/path_planning_node.cpp:173:47:[m[K [01;31m[Kerror: [m[Kâ€˜[01m[Ks[m[Kâ€™ was not declared in this scope
  173 |   const ob::SE3StateSpace::StateType *state = [01;31m[Ks[m[K->as<ob::SE3StateSpace::StateType>();
      |                                               [01;31m[K^[m[K
[01m[K/home/akash/catkin_ws/src/Alberto_and_Joan/path_planning/code/path_planning_node.cpp:173:81:[m[K [01;31m[Kerror: [m[Kexpected primary-expression before â€˜[01m[K>[m[Kâ€™ token
  173 |   const ob::SE3StateSpace::StateType *state = s->as<ob::SE3StateSpace::StateType[01;31m[K>[m[K();
      |                                                                                 [01;31m[K^[m[K
[01m[K/home/akash/catkin_ws/src/Alberto_and_Joan/path_planning/code/path_planning_node.cpp:173:83:[m[K [01;31m[Kerror: [m[Kexpected primary-expression before â€˜[01m[K)[m[Kâ€™ token
  173 |   const ob::SE3StateSpace::StateType *state = s->as<ob::SE3StateSpace::StateType>([01;31m[K)[m[K;
      |                                                                                   [01;31m[K^[m[K
make[2]: *** [CMakeFiles/path_planning_node.dir/build.make:76: CMakeFiles/path_planning_node.dir/code/path_planning_node.cpp.o] Error 1
make[1]: *** [CMakeFiles/Makefile2:2781: CMakeFiles/path_planning_node.dir/all] Error 2
make: *** [Makefile:146: all] Error 2
