[01m[K/home/akash/catkin_ws/src/Alberto_and_Joan/path_planning/code/path_planning_node.cpp:134:33:[m[K [01;31m[Kerror: [m[Kâ€˜[01m[Kdouble[m[Kâ€™ is not a valid type for a template non-type parameter
  134 | template<typename BaseT, double [01;31m[KAerialFactor[m[K, double GroundFactor>
      |                                 [01;31m[K^~~~~~~~~~~~[m[K
[01m[K/home/akash/catkin_ws/src/Alberto_and_Joan/path_planning/code/path_planning_node.cpp:134:54:[m[K [01;31m[Kerror: [m[Kâ€˜[01m[Kdouble[m[Kâ€™ is not a valid type for a template non-type parameter
  134 | template<typename BaseT, double AerialFactor, double [01;31m[KGroundFactor[m[K>
      |                                                      [01;31m[K^~~~~~~~~~~~[m[K
[01m[K/home/akash/catkin_ws/src/Alberto_and_Joan/path_planning/code/path_planning_node.cpp:[m[K In function â€˜[01m[Kvoid plan()[m[Kâ€™:
[01m[K/home/akash/catkin_ws/src/Alberto_and_Joan/path_planning/code/path_planning_node.cpp:231:17:[m[K [01;31m[Kerror: [m[Kmissing template arguments before â€˜[01m[K,[m[Kâ€™ token
  231 |  EnergyObjective[01;31m[K,[m[Kob::OptimizationObjective,2.0,0.8> obj(si);
      |                 [01;31m[K^[m[K
[01m[K/home/akash/catkin_ws/src/Alberto_and_Joan/path_planning/code/path_planning_node.cpp:231:43:[m[K [01;31m[Kerror: [m[Kexpected primary-expression before â€˜[01m[K,[m[Kâ€™ token
  231 |  EnergyObjective,ob::OptimizationObjective[01;31m[K,[m[K2.0,0.8> obj(si);
      |                                           [01;31m[K^[m[K
[01m[K/home/akash/catkin_ws/src/Alberto_and_Joan/path_planning/code/path_planning_node.cpp:231:53:[m[K [01;31m[Kerror: [m[Kâ€˜[01m[Kobj[m[Kâ€™ was not declared in this scope; did you mean â€˜[01m[Kob[m[Kâ€™?
  231 |  EnergyObjective,ob::OptimizationObjective,2.0,0.8> [01;31m[Kobj[m[K(si);
      |                                                     [01;31m[K^~~[m[K
      |                                                     [32m[Kob[m[K
[01m[K/home/akash/catkin_ws/src/Alberto_and_Joan/path_planning/code/path_planning_node.cpp:232:11:[m[K [01;31m[Kerror: [m[Kâ€˜[01m[Kusing element_type = class ompl::base::Planner[m[Kâ€™ {aka â€˜[01m[Kclass ompl::base::Planner[m[Kâ€™} has no member named â€˜[01m[KsetOptimizationObjective[m[Kâ€™
  232 |  planner->[01;31m[KsetOptimizationObjective[m[K(obj);
      |           [01;31m[K^~~~~~~~~~~~~~~~~~~~~~~~[m[K
[01m[K/home/akash/catkin_ws/src/Alberto_and_Joan/path_planning/code/path_planning_node.cpp:299:7:[m[K [01;31m[Kerror: [m[Kâ€˜[01m[Kground[m[Kâ€™ was not declared in this scope; did you mean â€˜[01m[Kround[m[Kâ€™?
  299 |   if ([01;31m[Kground[m[K)
      |       [01;31m[K^~~~~~[m[K
      |       [32m[Kround[m[K
[01m[K/home/akash/catkin_ws/src/Alberto_and_Joan/path_planning/code/path_planning_node.cpp:322:9:[m[K [01;31m[Kerror: [m[Kâ€˜[01m[Kground[m[Kâ€™ was not declared in this scope; did you mean â€˜[01m[Kround[m[Kâ€™?
  322 |    if (![01;31m[Kground[m[K && point[2] < min_aerial_height)
      |         [01;31m[K^~~~~~[m[K
      |         [32m[Kround[m[K
[01m[K/home/akash/catkin_ws/src/Alberto_and_Joan/path_planning/code/path_planning_node.cpp:[m[K In function â€˜[01m[Kint main(int, char**)[m[Kâ€™:
[01m[K/home/akash/catkin_ws/src/Alberto_and_Joan/path_planning/code/path_planning_node.cpp:432:15:[m[K [01;31m[Kerror: [m[Kâ€˜[01m[Kclass ros::NodeHandle[m[Kâ€™ has no member named â€˜[01m[Kadvertse[m[Kâ€™; did you mean â€˜[01m[Kadvertise[m[Kâ€™?
  432 |  vis_pub = nh.[01;31m[Kadvertse[m[K<visualization_msgs::Marker>(OUTPUT_TOPIC_VIS,5);
      |               [01;31m[K^~~~~~~~[m[K
      |               [32m[Kadvertise[m[K
[01m[K/home/akash/catkin_ws/src/Alberto_and_Joan/path_planning/code/path_planning_node.cpp:432:50:[m[K [01;31m[Kerror: [m[Kexpected primary-expression before â€˜[01m[K>[m[Kâ€™ token
  432 |  vis_pub = nh.advertse<visualization_msgs::Marker[01;31m[K>[m[K(OUTPUT_TOPIC_VIS,5);
      |                                                  [01;31m[K^[m[K
make[2]: *** [CMakeFiles/path_planning_node.dir/build.make:76: CMakeFiles/path_planning_node.dir/code/path_planning_node.cpp.o] Error 1
make[1]: *** [CMakeFiles/Makefile2:1618: CMakeFiles/path_planning_node.dir/all] Error 2
make: *** [Makefile:146: all] Error 2
