[01m[K/home/akash/catkin_ws/src/mrs_octomap_planner/src/astar_planner.cpp:[m[K In member function â€˜[01m[Kstd::pair<std::vector<octomath::Vector3>, bool> pathfinder::AstarPlanner::findPath(const point3d&, const point3d&, std::shared_ptr<octomap::OcTree>, double)[m[Kâ€™:
[01m[K/home/akash/catkin_ws/src/mrs_octomap_planner/src/astar_planner.cpp:176:3:[m[K [01;31m[Kerror: [m[Kâ€˜[01m[Kopen_heap[m[Kâ€™ was not declared in this scope
  176 |   [01;31m[Kopen_heap[m[K.push(first);
      |   [01;31m[K^~~~~~~~~[m[K
[01m[K/home/akash/catkin_ws/src/mrs_octomap_planner/src/astar_planner.cpp:177:3:[m[K [01;31m[Kerror: [m[Kâ€˜[01m[Kopen[m[Kâ€™ was not declared in this scope; did you mean â€˜[01m[Kpopen[m[Kâ€™?
  177 |   [01;31m[Kopen[m[K.insert(first);
      |   [01;31m[K^~~~[m[K
      |   [32m[Kpopen[m[K
[01m[K/home/akash/catkin_ws/src/mrs_octomap_planner/src/astar_planner.cpp:193:5:[m[K [01;31m[Kerror: [m[Kâ€˜[01m[Kclosed[m[Kâ€™ was not declared in this scope; did you mean â€˜[01m[Kclose[m[Kâ€™?
  193 |     [01;31m[Kclosed[m[K.insert(current);
      |     [01;31m[K^~~~~~[m[K
      |     [32m[Kclose[m[K
[01m[K/home/akash/catkin_ws/src/mrs_octomap_planner/src/astar_planner.cpp:204:100:[m[K [01;31m[Kerror: [m[Kâ€˜[01m[Kparent_map[m[Kâ€™ was not declared in this scope
  204 |       auto path_keys = backtrackPathKeys(best_node == first ? best_node_greedy : best_node, first, [01;31m[Kparent_map[m[K);
      |                                                                                                    [01;31m[K^~~~~~~~~~[m[K
[01m[K/home/akash/catkin_ws/src/mrs_octomap_planner/src/astar_planner.cpp:223:58:[m[K [01;31m[Kerror: [m[Kâ€˜[01m[Kparent_map[m[Kâ€™ was not declared in this scope
  223 |       auto path_keys = backtrackPathKeys(current, first, [01;31m[Kparent_map[m[K);
      |                                                          [01;31m[K^~~~~~~~~~[m[K
[01m[K/home/akash/catkin_ws/src/mrs_octomap_planner/src/astar_planner.cpp:234:64:[m[K [01;31m[Kerror: [m[Kcould not convert â€˜[01m[K{<expression error>, original_goal}[m[Kâ€™ from â€˜[01m[K<brace-enclosed initializer list>[m[Kâ€™ to â€˜[01m[Kstd::pair<std::vector<octomath::Vector3>, bool>[m[Kâ€™
  234 |       return {prepareOutputPath(path_keys, tree), original_goal[01;31m[K}[m[K;
      |                                                                [01;31m[K^[m[K
      |                                                                [01;31m[K|[m[K
      |                                                                [01;31m[K<brace-enclosed initializer list>[m[K
[01m[K/home/akash/catkin_ws/src/mrs_octomap_planner/src/astar_planner.cpp:277:9:[m[K [01;31m[Kerror: [m[Kâ€˜[01m[Kparent_map[m[Kâ€™ was not declared in this scope
  277 |         [01;31m[Kparent_map[m[K[n] = current;
      |         [01;31m[K^~~~~~~~~~[m[K
[01m[K/home/akash/catkin_ws/src/mrs_octomap_planner/src/astar_planner.cpp:286:29:[m[K [01;31m[Kerror: [m[Kâ€˜[01m[Kclosed[m[Kâ€™ was not declared in this scope; did you mean â€˜[01m[Kclose[m[Kâ€™?
  286 |   visualizeExpansions(open, [01;31m[Kclosed[m[K, tree);
      |                             [01;31m[K^~~~~~[m[K
      |                             [32m[Kclose[m[K
[01m[K/home/akash/catkin_ws/src/mrs_octomap_planner/src/astar_planner.cpp:291:58:[m[K [01;31m[Kerror: [m[Kâ€˜[01m[Kparent_map[m[Kâ€™ was not declared in this scope
  291 |     auto path_keys = backtrackPathKeys(best_node, first, [01;31m[Kparent_map[m[K);
      |                                                          [01;31m[K^~~~~~~~~~[m[K
[01m[K/home/akash/catkin_ws/src/mrs_octomap_planner/src/astar_planner.cpp:300:65:[m[K [01;31m[Kerror: [m[Kâ€˜[01m[Kparent_map[m[Kâ€™ was not declared in this scope
  300 |     auto path_keys = backtrackPathKeys(best_node_greedy, first, [01;31m[Kparent_map[m[K);
      |                                                                 [01;31m[K^~~~~~~~~~[m[K
make[2]: *** [CMakeFiles/MrsAstarPlanner.dir/build.make:76: CMakeFiles/MrsAstarPlanner.dir/src/astar_planner.cpp.o] Error 1
make[1]: *** [CMakeFiles/Makefile2:2873: CMakeFiles/MrsAstarPlanner.dir/all] Error 2
make: *** [Makefile:146: all] Error 2
